<?xml version="1.0" encoding="UTF-8"?>
<!-- Generated by org.testng.reporters.JUnitReportReporter -->
<testsuite hostname="Apples-MacBook-Pro.local" failures="0" tests="1" name="com.demo.testng.Example" time="58.450" errors="0" timestamp="2022-01-26T21:16:40 IST" skipped="0">
  <testcase classname="com.demo.testng.Example" name="f" time="58.450"/>
  <system-out/>
</testsuite> <!-- com.demo.testng.Example -->
